<?xml version="1.0" encoding="UTF-8"?>
<testsuite name="org.example.cdcproject.CdCprojectApplicationTests" tests="1" skipped="0" failures="0" errors="0" timestamp="2023-12-15T18:54:38" hostname="LAPTOP-BCVCFAEE" time="1.03">
  <properties/>
  <testcase name="contextLoads()" classname="org.example.cdcproject.CdCprojectApplicationTests" time="1.03"/>
  <system-out><![CDATA[03:54:27.614 [Test worker] INFO org.springframework.test.context.support.AnnotationConfigContextLoaderUtils -- Could not detect default configuration classes for test class [org.example.cdcproject.CdCprojectApplicationTests]: CdCprojectApplicationTests does not declare any static, non-private, non-final, nested classes annotated with @Configuration.
03:54:27.917 [Test worker] INFO org.springframework.boot.test.context.SpringBootTestContextBootstrapper -- Found @SpringBootConfiguration org.example.cdcproject.CdCprojectApplication for test class org.example.cdcproject.CdCprojectApplicationTests

  .   ____          _            __ _ _
 /\\ / ___'_ __ _ _(_)_ __  __ _ \ \ \ \
( ( )\___ | '_ | '_| | '_ \/ _` | \ \ \ \
 \\/  ___)| |_)| | | | | || (_| |  ) ) ) )
  '  |____| .__|_| |_|_| |_\__, | / / / /
 =========|_|==============|___/=/_/_/_/
 :: Spring Boot ::                (v3.2.0)

2023-12-16T03:54:29.147+09:00  INFO 32100 --- [    Test worker] o.e.c.CdCprojectApplicationTests         : Starting CdCprojectApplicationTests using Java 17.0.9 with PID 32100 (started by 82103 in C:\Users\82103\Desktop\1215\CDCproject)
2023-12-16T03:54:29.150+09:00  INFO 32100 --- [    Test worker] o.e.c.CdCprojectApplicationTests         : No active profile set, falling back to 1 default profile: "default"
2023-12-16T03:54:30.954+09:00  INFO 32100 --- [    Test worker] .s.d.r.c.RepositoryConfigurationDelegate : Bootstrapping Spring Data JPA repositories in DEFAULT mode.
2023-12-16T03:54:31.110+09:00  INFO 32100 --- [    Test worker] .s.d.r.c.RepositoryConfigurationDelegate : Finished Spring Data repository scanning in 131 ms. Found 1 JPA repository interface.
2023-12-16T03:54:31.890+09:00  WARN 32100 --- [    Test worker] trationDelegate$BeanPostProcessorChecker : Bean 'org.springframework.ws.config.annotation.DelegatingWsConfiguration' of type [org.springframework.ws.config.annotation.DelegatingWsConfiguration$$SpringCGLIB$$0] is not eligible for getting processed by all BeanPostProcessors (for example: not eligible for auto-proxying). The currently created BeanPostProcessor [annotationActionEndpointMapping] is declared through a non-static factory method on that class; consider declaring it as static instead.
2023-12-16T03:54:31.957+09:00  INFO 32100 --- [    Test worker] .w.s.a.s.AnnotationActionEndpointMapping : Supporting [WS-Addressing August 2004, WS-Addressing 1.0]
2023-12-16T03:54:32.417+09:00  INFO 32100 --- [    Test worker] o.hibernate.jpa.internal.util.LogHelper  : HHH000204: Processing PersistenceUnitInfo [name: default]
2023-12-16T03:54:32.618+09:00  INFO 32100 --- [    Test worker] org.hibernate.Version                    : HHH000412: Hibernate ORM core version 6.3.1.Final
2023-12-16T03:54:32.746+09:00  INFO 32100 --- [    Test worker] o.h.c.internal.RegionFactoryInitiator    : HHH000026: Second-level cache disabled
2023-12-16T03:54:33.351+09:00  INFO 32100 --- [    Test worker] o.s.o.j.p.SpringPersistenceUnitInfo      : No LoadTimeWeaver setup: ignoring JPA class transformer
2023-12-16T03:54:33.435+09:00  INFO 32100 --- [    Test worker] com.zaxxer.hikari.HikariDataSource       : HikariPool-1 - Starting...
2023-12-16T03:54:34.002+09:00  INFO 32100 --- [    Test worker] com.zaxxer.hikari.pool.HikariPool        : HikariPool-1 - Added connection com.mysql.cj.jdbc.ConnectionImpl@302da330
2023-12-16T03:54:34.006+09:00  INFO 32100 --- [    Test worker] com.zaxxer.hikari.HikariDataSource       : HikariPool-1 - Start completed.
2023-12-16T03:54:34.100+09:00  WARN 32100 --- [    Test worker] org.hibernate.orm.deprecation            : HHH90000025: MySQLDialect does not need to be specified explicitly using 'hibernate.dialect' (remove the property setting and it will be selected by default)
2023-12-16T03:54:36.058+09:00  INFO 32100 --- [    Test worker] o.h.e.t.j.p.i.JtaPlatformInitiator       : HHH000489: No JTA platform available (set 'hibernate.transaction.jta.platform' to enable JTA platform integration)
Hibernate: 
    drop table if exists customer
Hibernate: 
    create table customer (
        id integer not null auto_increment,
        email varchar(200) not null,
        first_name varchar(200) not null,
        last_name varchar(200) not null,
        primary key (id)
    ) engine=InnoDB
2023-12-16T03:54:36.175+09:00  INFO 32100 --- [    Test worker] j.LocalContainerEntityManagerFactoryBean : Initialized JPA EntityManagerFactory for persistence unit 'default'
2023-12-16T03:54:37.229+09:00  WARN 32100 --- [    Test worker] JpaBaseConfiguration$JpaWebConfiguration : spring.jpa.open-in-view is enabled by default. Therefore, database queries may be performed during view rendering. Explicitly configure spring.jpa.open-in-view to disable this warning
2023-12-16T03:54:38.291+09:00  INFO 32100 --- [    Test worker] o.e.c.CdCprojectApplicationTests         : Started CdCprojectApplicationTests in 9.877 seconds (process running for 13.539)
]]></system-out>
  <system-err><![CDATA[]]></system-err>
</testsuite>
